Disk report -Fri Sep 26 10:18:18 AM EDT 2025
Filesystem      Size  Used Avail Use% Mounted on
tmpfs           336M  2.1M  334M   1% /run
/dev/sda2        20G   11G  8.4G  55% /
tmpfs           1.7G     0  1.7G   0% /dev/shm
tmpfs           5.0M  8.0K  5.0M   1% /run/lock
tmpfs           1.0M     0  1.0M   0% /run/credentials/systemd-journald.service
tmpfs           1.0M     0  1.0M   0% /run/credentials/systemd-resolved.service
tmpfs           1.7G   24K  1.7G   1% /tmp
tmpfs           336M  124K  336M   1% /run/user/1000
/dev/sr0        100M  100M     0 100% /media/luis-acevedi/CDROM
/dev/sr1        5.9G  5.9G     0 100% /media/luis-acevedi/Ubuntu 25.04 amd64
/dev/fd0        1.4M  9.0K  1.4M   1% /media/luis-acevedi/disk
------------------------
Disk report -Fri Sep 26 10:32:21 AM EDT 2025
Filesystem      Size  Used Avail Use% Mounted on
tmpfs           336M  2.1M  334M   1% /run
/dev/sda2        20G   11G  8.4G  55% /
tmpfs           1.7G     0  1.7G   0% /dev/shm
tmpfs           5.0M  8.0K  5.0M   1% /run/lock
tmpfs           1.0M     0  1.0M   0% /run/credentials/systemd-journald.service
tmpfs           1.0M     0  1.0M   0% /run/credentials/systemd-resolved.service
tmpfs           1.7G   40K  1.7G   1% /tmp
tmpfs           336M  124K  336M   1% /run/user/1000
/dev/sr0        100M  100M     0 100% /media/luis-acevedi/CDROM
/dev/sr1        5.9G  5.9G     0 100% /media/luis-acevedi/Ubuntu 25.04 amd64
/dev/fd0        1.4M  9.0K  1.4M   1% /media/luis-acevedi/disk
------------------------
Disk report -Fri Sep 26 10:35:01 AM EDT 2025
Filesystem      Size  Used Avail Use% Mounted on
tmpfs           336M  2.1M  334M   1% /run
/dev/sda2        20G   11G  8.4G  55% /
tmpfs           1.7G     0  1.7G   0% /dev/shm
tmpfs           5.0M  8.0K  5.0M   1% /run/lock
tmpfs           1.0M     0  1.0M   0% /run/credentials/systemd-journald.service
tmpfs           1.0M     0  1.0M   0% /run/credentials/systemd-resolved.service
tmpfs           1.7G   40K  1.7G   1% /tmp
tmpfs           336M  124K  336M   1% /run/user/1000
/dev/sr0        100M  100M     0 100% /media/luis-acevedi/CDROM
/dev/sr1        5.9G  5.9G     0 100% /media/luis-acevedi/Ubuntu 25.04 amd64
/dev/fd0        1.4M  9.0K  1.4M   1% /media/luis-acevedi/disk
------------------------
Disk report -Fri Sep 26 10:40:01 AM EDT 2025
Filesystem      Size  Used Avail Use% Mounted on
tmpfs           336M  2.1M  334M   1% /run
/dev/sda2        20G   11G  8.4G  55% /
tmpfs           1.7G     0  1.7G   0% /dev/shm
tmpfs           5.0M  8.0K  5.0M   1% /run/lock
tmpfs           1.0M     0  1.0M   0% /run/credentials/systemd-journald.service
tmpfs           1.0M     0  1.0M   0% /run/credentials/systemd-resolved.service
tmpfs           1.7G   40K  1.7G   1% /tmp
tmpfs           336M  124K  336M   1% /run/user/1000
/dev/sr0        100M  100M     0 100% /media/luis-acevedi/CDROM
/dev/sr1        5.9G  5.9G     0 100% /media/luis-acevedi/Ubuntu 25.04 amd64
/dev/fd0        1.4M  9.0K  1.4M   1% /media/luis-acevedi/disk
------------------------
Disk report -Fri Sep 26 10:45:01 AM EDT 2025
Filesystem      Size  Used Avail Use% Mounted on
tmpfs           336M  2.1M  334M   1% /run
/dev/sda2        20G   11G  8.4G  55% /
tmpfs           1.7G     0  1.7G   0% /dev/shm
tmpfs           5.0M  8.0K  5.0M   1% /run/lock
tmpfs           1.0M     0  1.0M   0% /run/credentials/systemd-journald.service
tmpfs           1.0M     0  1.0M   0% /run/credentials/systemd-resolved.service
tmpfs           1.7G   40K  1.7G   1% /tmp
tmpfs           336M  124K  336M   1% /run/user/1000
/dev/sr0        100M  100M     0 100% /media/luis-acevedi/CDROM
/dev/sr1        5.9G  5.9G     0 100% /media/luis-acevedi/Ubuntu 25.04 amd64
/dev/fd0        1.4M  9.0K  1.4M   1% /media/luis-acevedi/disk
------------------------
Disk report -Fri Sep 26 10:50:01 AM EDT 2025
Filesystem      Size  Used Avail Use% Mounted on
tmpfs           336M  2.1M  334M   1% /run
/dev/sda2        20G   11G  8.4G  55% /
tmpfs           1.7G     0  1.7G   0% /dev/shm
tmpfs           5.0M  8.0K  5.0M   1% /run/lock
tmpfs           1.0M     0  1.0M   0% /run/credentials/systemd-journald.service
tmpfs           1.0M     0  1.0M   0% /run/credentials/systemd-resolved.service
tmpfs           1.7G   40K  1.7G   1% /tmp
tmpfs           336M  124K  336M   1% /run/user/1000
/dev/sr0        100M  100M     0 100% /media/luis-acevedi/CDROM
/dev/sr1        5.9G  5.9G     0 100% /media/luis-acevedi/Ubuntu 25.04 amd64
/dev/fd0        1.4M  9.0K  1.4M   1% /media/luis-acevedi/disk
------------------------
